#
# There is insufficient memory for the Java Runtime Environment to continue.
# Native memory allocation (mmap) failed to map 132120576 bytes for committing reserved memory.
# Possible reasons:
#   The system is out of physical RAM or swap space
#   In 32 bit mode, the process size limit was hit
# Possible solutions:
#   Reduce memory load on the system
#   Increase physical memory or swap space
#   Check if swap backing store is full
#   Use 64 bit Java on a 64 bit OS
#   Decrease Java heap size (-Xmx/-Xms)
#   Decrease number of Java threads
#   Decrease Java thread stack sizes (-Xss)
#   Set larger code cache with -XX:ReservedCodeCacheSize=
# This output file may be truncated or incomplete.
#
#  Out of Memory Error (os_linux.cpp:2627), pid=9947, tid=0x00007f29d8afa700
#
# JRE version: OpenJDK Runtime Environment (8.0_112-b06) (build 1.8.0_112-release-b06)
# Java VM: OpenJDK 64-Bit Server VM (25.112-b06 mixed mode linux-amd64 compressed oops)
# Failed to write core dump. Core dumps have been disabled. To enable core dumping, try "ulimit -c unlimited" before starting Java again
#

---------------  T H R E A D  ---------------

Current thread (0x00007f29e8077800):  VMThread [stack: 0x00007f29d89fa000,0x00007f29d8afb000] [id=9957]

Stack: [0x00007f29d89fa000,0x00007f29d8afb000],  sp=0x00007f29d8af94d0,  free space=1021k
Native frames: (J=compiled Java code, j=interpreted, Vv=VM code, C=native code)
V  [libjvm.so+0x9e465d]  VMError::report_and_die()+0x15d
V  [libjvm.so+0x4b6ada]  report_vm_out_of_memory(char const*, int, unsigned long, VMErrorType, char const*)+0x8a
V  [libjvm.so+0x84c860]  os::pd_commit_memory(char*, unsigned long, unsigned long, bool)+0xf0
V  [libjvm.so+0x84737f]  os::commit_memory(char*, unsigned long, unsigned long, bool)+0x1f
V  [libjvm.so+0x8bd3db]  PSVirtualSpace::expand_by(unsigned long)+0x5b
V  [libjvm.so+0x8ae1bb]  PSOldGen::expand_by(unsigned long) [clone .part.109]+0x1b
V  [libjvm.so+0x8ae37b]  PSOldGen::expand(unsigned long) [clone .part.111]+0xdb
V  [libjvm.so+0x8aec58]  PSOldGen::resize(unsigned long)+0x188
V  [libjvm.so+0x8b426c]  PSParallelCompact::invoke_no_policy(bool)+0x97c
V  [libjvm.so+0x8bb37d]  PSScavenge::invoke()+0x17d
V  [libjvm.so+0x86fcf3]  ParallelScavengeHeap::failed_mem_allocate(unsigned long)+0x63
V  [libjvm.so+0x9e6124]  VM_ParallelGCFailedAllocation::doit()+0x84
V  [libjvm.so+0x9ea537]  VM_Operation::evaluate()+0x47
V  [libjvm.so+0x9e8ff8]  VMThread::evaluate_operation(VM_Operation*)+0x2c8
V  [libjvm.so+0x9e9479]  VMThread::loop()+0x219
V  [libjvm.so+0x9e98c2]  VMThread::run()+0x72
V  [libjvm.so+0x849c82]  java_start(Thread*)+0xf2

VM_Operation (0x00007f29cbcb7190): ParallelGCFailedAllocation, mode: safepoint, requested by thread 0x00007f29e81ea800


---------------  P R O C E S S  ---------------

Java Threads: ( => current thread )
  0x00007f29e81f0800 JavaThread "pool-2-thread-4" [_thread_blocked, id=9970, stack(0x00007f29cb7b4000,0x00007f29cb8b5000)]
  0x00007f29e81ee800 JavaThread "pool-2-thread-3" [_thread_blocked, id=9969, stack(0x00007f29cb8b5000,0x00007f29cb9b6000)]
  0x00007f29e81ed000 JavaThread "pool-2-thread-2" [_thread_blocked, id=9968, stack(0x00007f29cb9b6000,0x00007f29cbab7000)]
  0x00007f29e81eb000 JavaThread "pool-3-thread-1" [_thread_blocked, id=9967, stack(0x00007f29cbab7000,0x00007f29cbbb8000)]
  0x00007f29e81ea800 JavaThread "pool-2-thread-1" [_thread_blocked, id=9966, stack(0x00007f29cbbb8000,0x00007f29cbcb9000)]
  0x00007f29e80c0800 JavaThread "Service Thread" daemon [_thread_blocked, id=9964, stack(0x00007f29cbeff000,0x00007f29cc000000)]
  0x00007f29e80bd800 JavaThread "C1 CompilerThread2" daemon [_thread_blocked, id=9963, stack(0x00007f29d80cc000,0x00007f29d81cd000)]
  0x00007f29e80bb800 JavaThread "C2 CompilerThread1" daemon [_thread_blocked, id=9962, stack(0x00007f29d81cd000,0x00007f29d82ce000)]
  0x00007f29e80b8800 JavaThread "C2 CompilerThread0" daemon [_thread_blocked, id=9961, stack(0x00007f29d82ce000,0x00007f29d83cf000)]
  0x00007f29e80b7800 JavaThread "Signal Dispatcher" daemon [_thread_blocked, id=9960, stack(0x00007f29d83cf000,0x00007f29d84d0000)]
  0x00007f29e8083800 JavaThread "Finalizer" daemon [_thread_blocked, id=9959, stack(0x00007f29d87f8000,0x00007f29d88f9000)]
  0x00007f29e807f000 JavaThread "Reference Handler" daemon [_thread_blocked, id=9958, stack(0x00007f29d88f9000,0x00007f29d89fa000)]
  0x00007f29e800a000 JavaThread "main" [_thread_blocked, id=9952, stack(0x00007f29f158e000,0x00007f29f168f000)]

Other Threads:
=>0x00007f29e8077800 VMThread [stack: 0x00007f29d89fa000,0x00007f29d8afb000] [id=9957]
  0x00007f29e80c3000 WatcherThread [stack: 0x00007f29cbdfe000,0x00007f29cbeff000] [id=9965]

VM state:at safepoint (normal execution)

VM Mutex/Monitor currently owned by a thread:  ([mutex/lock_event])
[0x00007f29e8005f50] ExpandHeap_lock - owner thread: 0x00007f29e8077800
[0x00007f29e80065d0] Threads_lock - owner thread: 0x00007f29e8077800
[0x00007f29e8006ad0] Heap_lock - owner thread: 0x00007f29e81ea800

Heap:
 PSYoungGen      total 465920K, used 0K [0x00000000d5580000, 0x0000000100000000, 0x0000000100000000)
  eden space 232960K, 0% used [0x00000000d5580000,0x00000000d5580000,0x00000000e3900000)
  from space 232960K, 0% used [0x00000000e3900000,0x00000000e3900000,0x00000000f1c80000)
  to   space 232960K, 0% used [0x00000000f1c80000,0x00000000f1c80000,0x0000000100000000)
 ParOldGen       total 829952K, used 680965K [0x0000000080000000, 0x00000000b2a80000, 0x00000000d5580000)
  object space 829952K, 82% used [0x0000000080000000,0x00000000a9901600,0x00000000b2a80000)
 Metaspace       used 6431K, capacity 7280K, committed 7552K, reserved 1056768K
  class space    used 586K, capacity 616K, committed 640K, reserved 1048576K

Card table byte_map: [0x00007f29ee01d000,0x00007f29ee41e000] byte_map_base: 0x00007f29edc1d000

Marking Bits: (ParMarkBitMap*) 0x00007f29f0a5a340
 Begin Bits: [0x00007f29d0000000, 0x00007f29d2000000)
 End Bits:   [0x00007f29d2000000, 0x00007f29d4000000)

Polling page: 0x00007f29f16ac000

CodeCache: size=245760Kb used=13045Kb max_used=13057Kb free=232714Kb
 bounds [0x00007f29d9000000, 0x00007f29d9cd0000, 0x00007f29e8000000]
 total_blobs=2903 nmethods=2641 adapters=176
 compilation: enabled

Compilation events (10 events):
Event: 35.324 Thread 0x00007f29e80bb800 3275       4       com.android.dx.ssa.back.InterferenceGraph::mergeInterferenceSet (29 bytes)
Event: 35.342 Thread 0x00007f29e80bb800 nmethod 3275 0x00007f29d9c9ff50 code [0x00007f29d9ca0100, 0x00007f29d9ca09d8]
Event: 35.342 Thread 0x00007f29e80bb800 3279       4       com.android.dx.util.Bits::or (24 bytes)
Event: 35.345 Thread 0x00007f29e80bb800 nmethod 3279 0x00007f29d932cd50 code [0x00007f29d932cea0, 0x00007f29d932cf98]
Event: 35.357 Thread 0x00007f29e80bd800 3286       3       java.lang.Class::getGenericInfo (52 bytes)
Event: 35.359 Thread 0x00007f29e80bd800 nmethod 3286 0x00007f29d9ccbd10 code [0x00007f29d9ccbf60, 0x00007f29d9cccc48]
Event: 35.359 Thread 0x00007f29e80bd800 3287       3       java.util.HashMap::newTreeNode (13 bytes)
Event: 35.359 Thread 0x00007f29e80bd800 nmethod 3287 0x00007f29d9ca1f50 code [0x00007f29d9ca20e0, 0x00007f29d9ca2450]
Event: 35.523 Thread 0x00007f29e80bb800 3288       4       com.android.dx.rop.code.Rops::opXor (21 bytes)
Event: 35.528 Thread 0x00007f29e80bb800 nmethod 3288 0x00007f29d9cc9b90 code [0x00007f29d9cc9d20, 0x00007f29d9cc9f48]

GC Heap History (10 events):
Event: 24.251 GC heap after
Heap after GC invocations=25 (full 5):
 PSYoungGen      total 528384K, used 110744K [0x00000000d5580000, 0x0000000100000000, 0x0000000100000000)
  eden space 380416K, 0% used [0x00000000d5580000,0x00000000d5580000,0x00000000ec900000)
  from space 147968K, 74% used [0x00000000f6f80000,0x00000000fdba6330,0x0000000100000000)
  to   space 159232K, 0% used [0x00000000ec900000,0x00000000ec900000,0x00000000f6480000)
 ParOldGen       total 589824K, used 502872K [0x0000000080000000, 0x00000000a4000000, 0x00000000d5580000)
  object space 589824K, 85% used [0x0000000080000000,0x000000009eb16330,0x00000000a4000000)
 Metaspace       used 6431K, capacity 7280K, committed 7552K, reserved 1056768K
  class space    used 586K, capacity 616K, committed 640K, reserved 1048576K
}
Event: 25.441 GC heap before
{Heap before GC invocations=26 (full 5):
 PSYoungGen      total 528384K, used 491160K [0x00000000d5580000, 0x0000000100000000, 0x0000000100000000)
  eden space 380416K, 100% used [0x00000000d5580000,0x00000000ec900000,0x00000000ec900000)
  from space 147968K, 74% used [0x00000000f6f80000,0x00000000fdba6330,0x0000000100000000)
  to   space 159232K, 0% used [0x00000000ec900000,0x00000000ec900000,0x00000000f6480000)
 ParOldGen       total 589824K, used 502872K [0x0000000080000000, 0x00000000a4000000, 0x00000000d5580000)
  object space 589824K, 85% used [0x0000000080000000,0x000000009eb16330,0x00000000a4000000)
 Metaspace       used 6431K, capacity 7280K, committed 7552K, reserved 1056768K
  class space    used 586K, capacity 616K, committed 640K, reserved 1048576K
Event: 26.227 GC heap after
Heap after GC invocations=26 (full 5):
 PSYoungGen      total 539648K, used 159214K [0x00000000d5580000, 0x0000000100000000, 0x0000000100000000)
  eden space 380416K, 0% used [0x00000000d5580000,0x00000000d5580000,0x00000000ec900000)
  from space 159232K, 99% used [0x00000000ec900000,0x00000000f647b8e8,0x00000000f6480000)
  to   space 159232K, 0% used [0x00000000f6480000,0x00000000f6480000,0x0000000100000000)
 ParOldGen       total 589824K, used 587327K [0x0000000080000000, 0x00000000a4000000, 0x00000000d5580000)
  object space 589824K, 99% used [0x0000000080000000,0x00000000a3d8ff38,0x00000000a4000000)
 Metaspace       used 6431K, capacity 7280K, committed 7552K, reserved 1056768K
  class space    used 586K, capacity 616K, committed 640K, reserved 1048576K
}
Event: 26.331 GC heap before
{Heap before GC invocations=27 (full 6):
 PSYoungGen      total 539648K, used 159214K [0x00000000d5580000, 0x0000000100000000, 0x0000000100000000)
  eden space 380416K, 0% used [0x00000000d5580000,0x00000000d5580000,0x00000000ec900000)
  from space 159232K, 99% used [0x00000000ec900000,0x00000000f647b8e8,0x00000000f6480000)
  to   space 159232K, 0% used [0x00000000f6480000,0x00000000f6480000,0x0000000100000000)
 ParOldGen       total 589824K, used 587327K [0x0000000080000000, 0x00000000a4000000, 0x00000000d5580000)
  object space 589824K, 99% used [0x0000000080000000,0x00000000a3d8ff38,0x00000000a4000000)
 Metaspace       used 6431K, capacity 7280K, committed 7552K, reserved 1056768K
  class space    used 586K, capacity 616K, committed 640K, reserved 1048576K
Event: 30.873 GC heap after
Heap after GC invocations=27 (full 6):
 PSYoungGen      total 539648K, used 146346K [0x00000000d5580000, 0x0000000100000000, 0x0000000100000000)
  eden space 380416K, 0% used [0x00000000d5580000,0x00000000d5580000,0x00000000ec900000)
  from space 159232K, 91% used [0x00000000ec900000,0x00000000f57ea948,0x00000000f6480000)
  to   space 159232K, 0% used [0x00000000f6480000,0x00000000f6480000,0x0000000100000000)
 ParOldGen       total 829952K, used 589329K [0x0000000080000000, 0x00000000b2a80000, 0x00000000d5580000)
  object space 829952K, 71% used [0x0000000080000000,0x00000000a3f84478,0x00000000b2a80000)
 Metaspace       used 6431K, capacity 7280K, committed 7552K, reserved 1056768K
  class space    used 586K, capacity 616K, committed 640K, reserved 1048576K
}
Event: 32.124 GC heap before
{Heap before GC invocations=28 (full 6):
 PSYoungGen      total 539648K, used 526762K [0x00000000d5580000, 0x0000000100000000, 0x0000000100000000)
  eden space 380416K, 100% used [0x00000000d5580000,0x00000000ec900000,0x00000000ec900000)
  from space 159232K, 91% used [0x00000000ec900000,0x00000000f57ea948,0x00000000f6480000)
  to   space 159232K, 0% used [0x00000000f6480000,0x00000000f6480000,0x0000000100000000)
 ParOldGen       total 829952K, used 589329K [0x0000000080000000, 0x00000000b2a80000, 0x00000000d5580000)
  object space 829952K, 71% used [0x0000000080000000,0x00000000a3f84478,0x00000000b2a80000)
 Metaspace       used 6431K, capacity 7280K, committed 7552K, reserved 1056768K
  class space    used 586K, capacity 616K, committed 640K, reserved 1048576K
Event: 35.200 GC heap after
Heap after GC invocations=28 (full 6):
 PSYoungGen      total 392192K, used 159208K [0x00000000d5580000, 0x0000000100000000, 0x0000000100000000)
  eden space 232960K, 0% used [0x00000000d5580000,0x00000000d5580000,0x00000000e3900000)
  from space 159232K, 99% used [0x00000000f6480000,0x00000000ffffa350,0x0000000100000000)
  to   space 232960K, 0% used [0x00000000e3900000,0x00000000e3900000,0x00000000f1c80000)
 ParOldGen       total 829952K, used 679491K [0x0000000080000000, 0x00000000b2a80000, 0x00000000d5580000)
  object space 829952K, 81% used [0x0000000080000000,0x00000000a9790de8,0x00000000b2a80000)
 Metaspace       used 6431K, capacity 7280K, committed 7552K, reserved 1056768K
  class space    used 586K, capacity 616K, committed 640K, reserved 1048576K
}
Event: 35.575 GC heap before
{Heap before GC invocations=29 (full 6):
 PSYoungGen      total 392192K, used 392168K [0x00000000d5580000, 0x0000000100000000, 0x0000000100000000)
  eden space 232960K, 100% used [0x00000000d5580000,0x00000000e3900000,0x00000000e3900000)
  from space 159232K, 99% used [0x00000000f6480000,0x00000000ffffa350,0x0000000100000000)
  to   space 232960K, 0% used [0x00000000e3900000,0x00000000e3900000,0x00000000f1c80000)
 ParOldGen       total 829952K, used 679491K [0x0000000080000000, 0x00000000b2a80000, 0x00000000d5580000)
  object space 829952K, 81% used [0x0000000080000000,0x00000000a9790de8,0x00000000b2a80000)
 Metaspace       used 6431K, capacity 7280K, committed 7552K, reserved 1056768K
  class space    used 586K, capacity 616K, committed 640K, reserved 1048576K
Event: 37.512 GC heap after
Heap after GC invocations=29 (full 6):
 PSYoungGen      total 465920K, used 42290K [0x00000000d5580000, 0x0000000100000000, 0x0000000100000000)
  eden space 232960K, 0% used [0x00000000d5580000,0x00000000d5580000,0x00000000e3900000)
  from space 232960K, 18% used [0x00000000e3900000,0x00000000e624c828,0x00000000f1c80000)
  to   space 232960K, 0% used [0x00000000f1c80000,0x00000000f1c80000,0x0000000100000000)
 ParOldGen       total 829952K, used 753528K [0x0000000080000000, 0x00000000b2a80000, 0x00000000d5580000)
  object space 829952K, 90% used [0x0000000080000000,0x00000000adfde360,0x00000000b2a80000)
 Metaspace       used 6431K, capacity 7280K, committed 7552K, reserved 1056768K
  class space    used 586K, capacity 616K, committed 640K, reserved 1048576K
}
Event: 37.513 GC heap before
{Heap before GC invocations=30 (full 7):
 PSYoungGen      total 465920K, used 42290K [0x00000000d5580000, 0x0000000100000000, 0x0000000100000000)
  eden space 232960K, 0% used [0x00000000d5580000,0x00000000d5580000,0x00000000e3900000)
  from space 232960K, 18% used [0x00000000e3900000,0x00000000e624c828,0x00000000f1c80000)
  to   space 232960K, 0% used [0x00000000f1c80000,0x00000000f1c80000,0x0000000100000000)
 ParOldGen       total 829952K, used 753528K [0x0000000080000000, 0x00000000b2a80000, 0x00000000d5580000)
  object space 829952K, 90% used [0x0000000080000000,0x00000000adfde360,0x00000000b2a80000)
 Metaspace       used 6431K, capacity 7280K, committed 7552K, reserved 1056768K
  class space    used 586K, capacity 616K, committed 640K, reserved 1048576K

Deoptimization events (10 events):
Event: 25.170 Thread 0x00007f29e81f0800 Uncommon trap: reason=class_check action=maybe_recompile pc=0x00007f29d9b19a30 method=com.android.dx.ssa.back.InterferenceGraph.mergeInterferenceSet(ILcom/android/dx/util/IntSet;)V @ 20
Event: 25.170 Thread 0x00007f29e81f0800 Uncommon trap: reason=class_check action=maybe_recompile pc=0x00007f29d9b95c90 method=com.android.dx.util.BitIntSet.merge(Lcom/android/dx/util/IntSet;)V @ 1
Event: 25.171 Thread 0x00007f29e81f0800 Uncommon trap: reason=class_check action=maybe_recompile pc=0x00007f29d917369c method=com.android.dx.ssa.back.InterferenceGraph.mergeInterferenceSet(ILcom/android/dx/util/IntSet;)V @ 20
Event: 25.171 Thread 0x00007f29e81f0800 Uncommon trap: reason=class_check action=maybe_recompile pc=0x00007f29d9b95c90 method=com.android.dx.util.BitIntSet.merge(Lcom/android/dx/util/IntSet;)V @ 1
Event: 25.171 Thread 0x00007f29e81f0800 Uncommon trap: reason=class_check action=maybe_recompile pc=0x00007f29d917369c method=com.android.dx.ssa.back.InterferenceGraph.mergeInterferenceSet(ILcom/android/dx/util/IntSet;)V @ 20
Event: 25.171 Thread 0x00007f29e81f0800 Uncommon trap: reason=class_check action=maybe_recompile pc=0x00007f29d9b95c90 method=com.android.dx.util.BitIntSet.merge(Lcom/android/dx/util/IntSet;)V @ 1
Event: 25.183 Thread 0x00007f29e81f0800 Uncommon trap: reason=class_check action=maybe_recompile pc=0x00007f29d917369c method=com.android.dx.ssa.back.InterferenceGraph.mergeInterferenceSet(ILcom/android/dx/util/IntSet;)V @ 20
Event: 25.184 Thread 0x00007f29e81f0800 Uncommon trap: reason=class_check action=maybe_recompile pc=0x00007f29d9b95c90 method=com.android.dx.util.BitIntSet.merge(Lcom/android/dx/util/IntSet;)V @ 1
Event: 30.964 Thread 0x00007f29e81ee800 Uncommon trap: reason=predicate action=maybe_recompile pc=0x00007f29d916a33c method=com.android.dx.ssa.back.InterferenceGraph.<init>(I)V @ 23
Event: 31.005 Thread 0x00007f29e81ee800 Uncommon trap: reason=class_check action=maybe_recompile pc=0x00007f29d9b19a30 method=com.android.dx.ssa.back.InterferenceGraph.mergeInterferenceSet(ILcom/android/dx/util/IntSet;)V @ 20

Internal exceptions (9 events):
Event: 0.017 Thread 0x00007f29e800a000 Exception <a 'java/lang/NoSuchMethodError': Method sun.misc.Unsafe.defineClass(Ljava/lang/String;[BII)Ljava/lang/Class; name or signature does not match> (0x00000000d5587c78) thrown at [/ssd/Android/AOSP-openjdk/external/jetbrains/jdk/hotspot/src/share/vm
Event: 0.017 Thread 0x00007f29e800a000 Exception <a 'java/lang/NoSuchMethodError': Method sun.misc.Unsafe.prefetchRead(Ljava/lang/Object;J)V name or signature does not match> (0x00000000d5587f60) thrown at [/ssd/Android/AOSP-openjdk/external/jetbrains/jdk/hotspot/src/share/vm/prims/jni.cpp, li
Event: 0.132 Thread 0x00007f29e800a000 Implicit null exception at 0x00007f29d916a074 to 0x00007f29d916a6a9
Event: 0.955 Thread 0x00007f29e81ee800 Exception <a 'java/lang/ArrayIndexOutOfBoundsException': 18> (0x00000000d89651e8) thrown at [/ssd/Android/AOSP-openjdk/external/jetbrains/jdk/hotspot/src/share/vm/interpreter/interpreterRuntime.cpp, line 366]
Event: 0.956 Thread 0x00007f29e81ee800 Exception <a 'java/lang/ArrayIndexOutOfBoundsException': 145> (0x00000000d8966d68) thrown at [/ssd/Android/AOSP-openjdk/external/jetbrains/jdk/hotspot/src/share/vm/interpreter/interpreterRuntime.cpp, line 366]
Event: 0.957 Thread 0x00007f29e81ee800 Exception <a 'java/lang/ArrayIndexOutOfBoundsException': 40> (0x00000000d8968050) thrown at [/ssd/Android/AOSP-openjdk/external/jetbrains/jdk/hotspot/src/share/vm/interpreter/interpreterRuntime.cpp, line 366]
Event: 0.963 Thread 0x00007f29e81f0800 Implicit null exception at 0x00007f29d9332f71 to 0x00007f29d93355e9
Event: 12.326 Thread 0x00007f29e81ed000 Implicit null exception at 0x00007f29d968f408 to 0x00007f29d9691ce1
Event: 13.737 Thread 0x00007f29e81ed000 Implicit null exception at 0x00007f29d9b715ba to 0x00007f29d9b72be9

Events (10 events):
Event: 30.873 Executing VM operation: ParallelGCFailedAllocation done
Event: 30.964 Thread 0x00007f29e81ee800 Uncommon trap: trap_request=0xffffff86 fr.pc=0x00007f29d916a33c
Event: 30.964 Thread 0x00007f29e81ee800 DEOPT PACKING pc=0x00007f29d916a33c sp=0x00007f29cb9b42c0
Event: 30.964 Thread 0x00007f29e81ee800 DEOPT UNPACKING pc=0x00007f29d9004f69 sp=0x00007f29cb9b42d8 mode 2
Event: 31.005 Thread 0x00007f29e81ee800 Uncommon trap: trap_request=0xffffffde fr.pc=0x00007f29d9b19a30
Event: 31.005 Thread 0x00007f29e81ee800 DEOPT PACKING pc=0x00007f29d9b19a30 sp=0x00007f29cb9b4160
Event: 31.005 Thread 0x00007f29e81ee800 DEOPT UNPACKING pc=0x00007f29d9004f69 sp=0x00007f29cb9b4000 mode 2
Event: 32.124 Executing VM operation: ParallelGCFailedAllocation
Event: 35.200 Executing VM operation: ParallelGCFailedAllocation done
Event: 35.573 Executing VM operation: ParallelGCFailedAllocation


Dynamic libraries:
00400000-00401000 r-xp 00000000 08:05 403655                             /opt/android-studio/jre/bin/java
00600000-00601000 r--p 00000000 08:05 403655                             /opt/android-studio/jre/bin/java
00601000-00602000 rw-p 00001000 08:05 403655                             /opt/android-studio/jre/bin/java
0124f000-01270000 rw-p 00000000 00:00 0                                  [heap]
80000000-b2a80000 rw-p 00000000 00:00 0 
ba880000-d5580000 ---p 00000000 00:00 0 
d5580000-100000000 rw-p 00000000 00:00 0 
100000000-1000a0000 rw-p 00000000 00:00 0 
1000a0000-140000000 ---p 00000000 00:00 0 
7f2984000000-7f2984026000 rw-p 00000000 00:00 0 
7f2984026000-7f2988000000 ---p 00000000 00:00 0 
7f298c000000-7f298c04c000 rw-p 00000000 00:00 0 
7f298c04c000-7f2990000000 ---p 00000000 00:00 0 
7f2990000000-7f299002e000 rw-p 00000000 00:00 0 
7f299002e000-7f2994000000 ---p 00000000 00:00 0 
7f2994000000-7f299403e000 rw-p 00000000 00:00 0 
7f299403e000-7f2998000000 ---p 00000000 00:00 0 
7f2998000000-7f2998021000 rw-p 00000000 00:00 0 
7f2998021000-7f299c000000 ---p 00000000 00:00 0 
7f299c000000-7f299c021000 rw-p 00000000 00:00 0 
7f299c021000-7f29a0000000 ---p 00000000 00:00 0 
7f29a0000000-7f29a0021000 rw-p 00000000 00:00 0 
7f29a0021000-7f29a4000000 ---p 00000000 00:00 0 
7f29a4000000-7f29a5262000 rw-p 00000000 00:00 0 
7f29a5262000-7f29a8000000 ---p 00000000 00:00 0 
7f29a8000000-7f29a8b67000 rw-p 00000000 00:00 0 
7f29a8b67000-7f29ac000000 ---p 00000000 00:00 0 
7f29ac000000-7f29ac021000 rw-p 00000000 00:00 0 
7f29ac021000-7f29b0000000 ---p 00000000 00:00 0 
7f29b0000000-7f29b20c7000 rw-p 00000000 00:00 0 
7f29b20c7000-7f29b4000000 ---p 00000000 00:00 0 
7f29b4000000-7f29b4021000 rw-p 00000000 00:00 0 
7f29b4021000-7f29b8000000 ---p 00000000 00:00 0 
7f29b8000000-7f29b8021000 rw-p 00000000 00:00 0 
7f29b8021000-7f29bc000000 ---p 00000000 00:00 0 
7f29bc000000-7f29bc021000 rw-p 00000000 00:00 0 
7f29bc021000-7f29c0000000 ---p 00000000 00:00 0 
7f29c0000000-7f29c0299000 rw-p 00000000 00:00 0 
7f29c0299000-7f29c4000000 ---p 00000000 00:00 0 
7f29c4000000-7f29c4021000 rw-p 00000000 00:00 0 
7f29c4021000-7f29c8000000 ---p 00000000 00:00 0 
7f29cb7b4000-7f29cb7b7000 ---p 00000000 00:00 0 
7f29cb7b7000-7f29cb8b5000 rw-p 00000000 00:00 0 
7f29cb8b5000-7f29cb8b8000 ---p 00000000 00:00 0 
7f29cb8b8000-7f29cb9b6000 rw-p 00000000 00:00 0 
7f29cb9b6000-7f29cb9b9000 ---p 00000000 00:00 0 
7f29cb9b9000-7f29cbab7000 rw-p 00000000 00:00 0 
7f29cbab7000-7f29cbaba000 ---p 00000000 00:00 0 
7f29cbaba000-7f29cbbb8000 rw-p 00000000 00:00 0 
7f29cbbb8000-7f29cbbbb000 ---p 00000000 00:00 0 
7f29cbbbb000-7f29cbcb9000 rw-p 00000000 00:00 0 
7f29cbcb9000-7f29cbdfe000 r--s 00c74000 08:05 139593                     /home/nur/AndroidStudioProjects/Mongla Port Authority/app/build/intermediates/transforms/jarMerging/debug/jars/1/1f/combined.jar
7f29cbdfe000-7f29cbdff000 ---p 00000000 00:00 0 
7f29cbdff000-7f29cbeff000 rw-p 00000000 00:00 0 
7f29cbeff000-7f29cbf02000 ---p 00000000 00:00 0 
7f29cbf02000-7f29cc000000 rw-p 00000000 00:00 0 
7f29cc000000-7f29cc021000 rw-p 00000000 00:00 0 
7f29cc021000-7f29d0000000 ---p 00000000 00:00 0 
7f29d0000000-7f29d4000000 rw-p 00000000 00:00 0 
7f29d4000000-7f29d4021000 rw-p 00000000 00:00 0 
7f29d4021000-7f29d8000000 ---p 00000000 00:00 0 
7f29d80cc000-7f29d80cf000 ---p 00000000 00:00 0 
7f29d80cf000-7f29d81cd000 rw-p 00000000 00:00 0 
7f29d81cd000-7f29d81d0000 ---p 00000000 00:00 0 
7f29d81d0000-7f29d82ce000 rw-p 00000000 00:00 0 
7f29d82ce000-7f29d82d1000 ---p 00000000 00:00 0 
7f29d82d1000-7f29d83cf000 rw-p 00000000 00:00 0 
7f29d83cf000-7f29d83d2000 ---p 00000000 00:00 0 
7f29d83d2000-7f29d84d0000 rw-p 00000000 00:00 0 
7f29d84d0000-7f29d87f8000 r--p 00000000 08:05 916588                     /usr/lib/locale/locale-archive
7f29d87f8000-7f29d87fb000 ---p 00000000 00:00 0 
7f29d87fb000-7f29d88f9000 rw-p 00000000 00:00 0 
7f29d88f9000-7f29d88fc000 ---p 00000000 00:00 0 
7f29d88fc000-7f29d89fa000 rw-p 00000000 00:00 0 
7f29d89fa000-7f29d89fb000 ---p 00000000 00:00 0 
7f29d89fb000-7f29d9000000 rw-p 00000000 00:00 0 
7f29d9000000-7f29d9cd0000 rwxp 00000000 00:00 0 
7f29d9cd0000-7f29e8000000 ---p 00000000 00:00 0 
7f29e8000000-7f29e840e000 rw-p 00000000 00:00 0 
7f29e840e000-7f29ec000000 ---p 00000000 00:00 0 
7f29ec04d000-7f29ecb29000 rw-p 00000000 00:00 0 
7f29ecb29000-7f29eccf8000 r--s 03c1b000 08:05 403714                     /opt/android-studio/jre/jre/lib/rt.jar
7f29eccf8000-7f29ed42e000 rw-p 00000000 00:00 0 
7f29ed42e000-7f29ed56e000 ---p 00000000 00:00 0 
7f29ed56e000-7f29ed96e000 rw-p 00000000 00:00 0 
7f29ed96e000-7f29ed96f000 ---p 00000000 00:00 0 
7f29ed96f000-7f29eda6f000 rw-p 00000000 00:00 0 
7f29eda6f000-7f29eda70000 ---p 00000000 00:00 0 
7f29eda70000-7f29edb70000 rw-p 00000000 00:00 0 
7f29edb70000-7f29edb71000 ---p 00000000 00:00 0 
7f29edb71000-7f29edc71000 rw-p 00000000 00:00 0 
7f29edc71000-7f29edc72000 ---p 00000000 00:00 0 
7f29edc72000-7f29edf08000 rw-p 00000000 00:00 0 
7f29edf08000-7f29ee01d000 ---p 00000000 00:00 0 
7f29ee01d000-7f29ee1b3000 rw-p 00000000 00:00 0 
7f29ee1b3000-7f29ee2c7000 ---p 00000000 00:00 0 
7f29ee2c7000-7f29ee41d000 rw-p 00000000 00:00 0 
7f29ee41d000-7f29ee452000 rw-p 00000000 00:00 0 
7f29ee452000-7f29ee7de000 ---p 00000000 00:00 0 
7f29ee7de000-7f29ee7f8000 r-xp 00000000 08:05 403731                     /opt/android-studio/jre/jre/lib/amd64/libzip.so
7f29ee7f8000-7f29ee9f8000 ---p 0001a000 08:05 403731                     /opt/android-studio/jre/jre/lib/amd64/libzip.so
7f29ee9f8000-7f29ee9f9000 r--p 0001a000 08:05 403731                     /opt/android-studio/jre/jre/lib/amd64/libzip.so
7f29ee9f9000-7f29ee9fa000 rw-p 0001b000 08:05 403731                     /opt/android-studio/jre/jre/lib/amd64/libzip.so
7f29ee9fa000-7f29eea05000 r-xp 00000000 08:05 668562                     /lib/x86_64-linux-gnu/libnss_files-2.23.so
7f29eea05000-7f29eec04000 ---p 0000b000 08:05 668562                     /lib/x86_64-linux-gnu/libnss_files-2.23.so
7f29eec04000-7f29eec05000 r--p 0000a000 08:05 668562                     /lib/x86_64-linux-gnu/libnss_files-2.23.so
7f29eec05000-7f29eec06000 rw-p 0000b000 08:05 668562                     /lib/x86_64-linux-gnu/libnss_files-2.23.so
7f29eec06000-7f29eec0c000 rw-p 00000000 00:00 0 
7f29eec0c000-7f29eec17000 r-xp 00000000 08:05 668555                     /lib/x86_64-linux-gnu/libnss_nis-2.23.so
7f29eec17000-7f29eee16000 ---p 0000b000 08:05 668555                     /lib/x86_64-linux-gnu/libnss_nis-2.23.so
7f29eee16000-7f29eee17000 r--p 0000a000 08:05 668555                     /lib/x86_64-linux-gnu/libnss_nis-2.23.so
7f29eee17000-7f29eee18000 rw-p 0000b000 08:05 668555                     /lib/x86_64-linux-gnu/libnss_nis-2.23.so
7f29eee18000-7f29eee2e000 r-xp 00000000 08:05 668557                     /lib/x86_64-linux-gnu/libnsl-2.23.so
7f29eee2e000-7f29ef02d000 ---p 00016000 08:05 668557                     /lib/x86_64-linux-gnu/libnsl-2.23.so
7f29ef02d000-7f29ef02e000 r--p 00015000 08:05 668557                     /lib/x86_64-linux-gnu/libnsl-2.23.so
7f29ef02e000-7f29ef02f000 rw-p 00016000 08:05 668557                     /lib/x86_64-linux-gnu/libnsl-2.23.so
7f29ef02f000-7f29ef031000 rw-p 00000000 00:00 0 
7f29ef031000-7f29ef039000 r-xp 00000000 08:05 668564                     /lib/x86_64-linux-gnu/libnss_compat-2.23.so
7f29ef039000-7f29ef238000 ---p 00008000 08:05 668564                     /lib/x86_64-linux-gnu/libnss_compat-2.23.so
7f29ef238000-7f29ef239000 r--p 00007000 08:05 668564                     /lib/x86_64-linux-gnu/libnss_compat-2.23.so
7f29ef239000-7f29ef23a000 rw-p 00008000 08:05 668564                     /lib/x86_64-linux-gnu/libnss_compat-2.23.so
7f29ef23a000-7f29ef267000 r-xp 00000000 08:05 403749                     /opt/android-studio/jre/jre/lib/amd64/libjava.so
7f29ef267000-7f29ef466000 ---p 0002d000 08:05 403749                     /opt/android-studio/jre/jre/lib/amd64/libjava.so
7f29ef466000-7f29ef467000 r--p 0002c000 08:05 403749                     /opt/android-studio/jre/jre/lib/amd64/libjava.so
7f29ef467000-7f29ef469000 rw-p 0002d000 08:05 403749                     /opt/android-studio/jre/jre/lib/amd64/libjava.so
7f29ef469000-7f29ef479000 r-xp 00000000 08:05 403720                     /opt/android-studio/jre/jre/lib/amd64/libverify.so
7f29ef479000-7f29ef678000 ---p 00010000 08:05 403720                     /opt/android-studio/jre/jre/lib/amd64/libverify.so
7f29ef678000-7f29ef67a000 r--p 0000f000 08:05 403720                     /opt/android-studio/jre/jre/lib/amd64/libverify.so
7f29ef67a000-7f29ef67b000 rw-p 00011000 08:05 403720                     /opt/android-studio/jre/jre/lib/amd64/libverify.so
7f29ef67b000-7f29ef682000 r-xp 00000000 08:05 668565                     /lib/x86_64-linux-gnu/librt-2.23.so
7f29ef682000-7f29ef881000 ---p 00007000 08:05 668565                     /lib/x86_64-linux-gnu/librt-2.23.so
7f29ef881000-7f29ef882000 r--p 00006000 08:05 668565                     /lib/x86_64-linux-gnu/librt-2.23.so
7f29ef882000-7f29ef883000 rw-p 00007000 08:05 668565                     /lib/x86_64-linux-gnu/librt-2.23.so
7f29ef883000-7f29ef98b000 r-xp 00000000 08:05 668556                     /lib/x86_64-linux-gnu/libm-2.23.so
7f29ef98b000-7f29efb8a000 ---p 00108000 08:05 668556                     /lib/x86_64-linux-gnu/libm-2.23.so
7f29efb8a000-7f29efb8b000 r--p 00107000 08:05 668556                     /lib/x86_64-linux-gnu/libm-2.23.so
7f29efb8b000-7f29efb8c000 rw-p 00108000 08:05 668556                     /lib/x86_64-linux-gnu/libm-2.23.so
7f29efb8c000-7f29f077d000 r-xp 00000000 08:05 403729                     /opt/android-studio/jre/jre/lib/amd64/server/libjvm.so
7f29f077d000-7f29f097d000 ---p 00bf1000 08:05 403729                     /opt/android-studio/jre/jre/lib/amd64/server/libjvm.so
7f29f097d000-7f29f0a1c000 r--p 00bf1000 08:05 403729                     /opt/android-studio/jre/jre/lib/amd64/server/libjvm.so
7f29f0a1c000-7f29f0a45000 rw-p 00c90000 08:05 403729                     /opt/android-studio/jre/jre/lib/amd64/server/libjvm.so
7f29f0a45000-7f29f0a89000 rw-p 00000000 00:00 0 
7f29f0a89000-7f29f0aa1000 r-xp 00000000 08:05 668569                     /lib/x86_64-linux-gnu/libpthread-2.23.so
7f29f0aa1000-7f29f0ca0000 ---p 00018000 08:05 668569                     /lib/x86_64-linux-gnu/libpthread-2.23.so
7f29f0ca0000-7f29f0ca1000 r--p 00017000 08:05 668569                     /lib/x86_64-linux-gnu/libpthread-2.23.so
7f29f0ca1000-7f29f0ca2000 rw-p 00018000 08:05 668569                     /lib/x86_64-linux-gnu/libpthread-2.23.so
7f29f0ca2000-7f29f0ca6000 rw-p 00000000 00:00 0 
7f29f0ca6000-7f29f0ca9000 r-xp 00000000 08:05 668554                     /lib/x86_64-linux-gnu/libdl-2.23.so
7f29f0ca9000-7f29f0ea8000 ---p 00003000 08:05 668554                     /lib/x86_64-linux-gnu/libdl-2.23.so
7f29f0ea8000-7f29f0ea9000 r--p 00002000 08:05 668554                     /lib/x86_64-linux-gnu/libdl-2.23.so
7f29f0ea9000-7f29f0eaa000 rw-p 00003000 08:05 668554                     /lib/x86_64-linux-gnu/libdl-2.23.so
7f29f0eaa000-7f29f1069000 r-xp 00000000 08:05 668558                     /lib/x86_64-linux-gnu/libc-2.23.so
7f29f1069000-7f29f1269000 ---p 001bf000 08:05 668558                     /lib/x86_64-linux-gnu/libc-2.23.so
7f29f1269000-7f29f126d000 r--p 001bf000 08:05 668558                     /lib/x86_64-linux-gnu/libc-2.23.so
7f29f126d000-7f29f126f000 rw-p 001c3000 08:05 668558                     /lib/x86_64-linux-gnu/libc-2.23.so
7f29f126f000-7f29f1273000 rw-p 00000000 00:00 0 
7f29f1273000-7f29f1289000 r-xp 00000000 08:05 403671                     /opt/android-studio/jre/lib/amd64/jli/libjli.so
7f29f1289000-7f29f1488000 ---p 00016000 08:05 403671                     /opt/android-studio/jre/lib/amd64/jli/libjli.so
7f29f1488000-7f29f1489000 r--p 00015000 08:05 403671                     /opt/android-studio/jre/lib/amd64/jli/libjli.so
7f29f1489000-7f29f148a000 rw-p 00016000 08:05 403671                     /opt/android-studio/jre/lib/amd64/jli/libjli.so
7f29f148a000-7f29f14b0000 r-xp 00000000 08:05 668559                     /lib/x86_64-linux-gnu/ld-2.23.so
7f29f14c2000-7f29f158e000 rw-p 00000000 00:00 0 
7f29f158e000-7f29f1591000 ---p 00000000 00:00 0 
7f29f1591000-7f29f1693000 rw-p 00000000 00:00 0 
7f29f1695000-7f29f16a3000 r--s 000e0000 08:05 1338777                    /home/nur/Android/Sdk/build-tools/25.0.0/lib/dx.jar
7f29f16a3000-7f29f16ab000 rw-s 00000000 08:05 1337254                    /tmp/hsperfdata_nur/9947
7f29f16ab000-7f29f16ac000 rw-p 00000000 00:00 0 
7f29f16ac000-7f29f16ad000 ---p 00000000 00:00 0 
7f29f16ad000-7f29f16af000 rw-p 00000000 00:00 0 
7f29f16af000-7f29f16b0000 r--p 00025000 08:05 668559                     /lib/x86_64-linux-gnu/ld-2.23.so
7f29f16b0000-7f29f16b1000 rw-p 00026000 08:05 668559                     /lib/x86_64-linux-gnu/ld-2.23.so
7f29f16b1000-7f29f16b2000 rw-p 00000000 00:00 0 
7ffda0727000-7ffda0749000 rw-p 00000000 00:00 0                          [stack]
7ffda074d000-7ffda074f000 r--p 00000000 00:00 0                          [vvar]
7ffda074f000-7ffda0751000 r-xp 00000000 00:00 0                          [vdso]
ffffffffff600000-ffffffffff601000 r-xp 00000000 00:00 0                  [vsyscall]

VM Arguments:
jvm_args: -Djava.awt.headless=true -Xmx2048M -Dfile.encoding=UTF-8 -Duser.country=US -Duser.language=en -Duser.variant 
java_command: com.android.dx.command.Main --dex --num-threads=4 --multi-dex --main-dex-list /home/nur/AndroidStudioProjects/Mongla Port Authority/app/build/intermediates/multi-dex/debug/maindexlist.txt --output /home/nur/AndroidStudioProjects/Mongla Port Authority/app/build/intermediates/transforms/dex/debug/folders/1000/1f/main /home/nur/AndroidStudioProjects/Mongla Port Authority/app/build/intermediates/transforms/jarMerging/debug/jars/1/1f/combined.jar
java_class_path (initial): /home/nur/Android/Sdk/build-tools/25.0.0/lib/dx.jar
Launcher Type: SUN_STANDARD

Environment Variables:
PATH=/home/nur/bin:/home/nur/.local/bin:/usr/local/sbin:/usr/local/bin:/usr/sbin:/usr/bin:/sbin:/bin:/usr/games:/usr/local/games:/snap/bin
LD_LIBRARY_PATH=.:
SHELL=/bin/bash
DISPLAY=:0

Signal Handlers:
SIGSEGV: [libjvm.so+0x9e5150], sa_mask[0]=11111111011111111101111111111110, sa_flags=SA_RESTART|SA_SIGINFO
SIGBUS: [libjvm.so+0x9e5150], sa_mask[0]=11111111011111111101111111111110, sa_flags=SA_RESTART|SA_SIGINFO
SIGFPE: [libjvm.so+0x848450], sa_mask[0]=11111111011111111101111111111110, sa_flags=SA_RESTART|SA_SIGINFO
SIGPIPE: [libjvm.so+0x848450], sa_mask[0]=11111111011111111101111111111110, sa_flags=SA_RESTART|SA_SIGINFO
SIGXFSZ: [libjvm.so+0x848450], sa_mask[0]=11111111011111111101111111111110, sa_flags=SA_RESTART|SA_SIGINFO
SIGILL: [libjvm.so+0x848450], sa_mask[0]=11111111011111111101111111111110, sa_flags=SA_RESTART|SA_SIGINFO
SIGUSR1: SIG_DFL, sa_mask[0]=00000000000000000000000000000000, sa_flags=none
SIGUSR2: [libjvm.so+0x848320], sa_mask[0]=00100000000000000000000000000000, sa_flags=SA_RESTART|SA_SIGINFO
SIGHUP: [libjvm.so+0x848510], sa_mask[0]=11111111011111111101111111111110, sa_flags=SA_RESTART|SA_SIGINFO
SIGINT: [libjvm.so+0x848510], sa_mask[0]=11111111011111111101111111111110, sa_flags=SA_RESTART|SA_SIGINFO
SIGTERM: [libjvm.so+0x848510], sa_mask[0]=11111111011111111101111111111110, sa_flags=SA_RESTART|SA_SIGINFO
SIGQUIT: [libjvm.so+0x848510], sa_mask[0]=11111111011111111101111111111110, sa_flags=SA_RESTART|SA_SIGINFO


---------------  S Y S T E M  ---------------

OS:DISTRIB_ID=Ubuntu
DISTRIB_RELEASE=16.04
DISTRIB_CODENAME=xenial
DISTRIB_DESCRIPTION="Ubuntu 16.04.2 LTS"

uname:Linux 4.8.0-41-generic #44~16.04.1-Ubuntu SMP Fri Mar 3 17:11:16 UTC 2017 x86_64
libc:glibc 2.23 NPTL 2.23 
rlimit: STACK 8192k, CORE 0k, NPROC 14955, NOFILE 65536, AS infinity
load average:4.15 1.59 1.03

/proc/meminfo:
MemTotal:        3946720 kB
MemFree:          111780 kB
MemAvailable:      24928 kB
Buffers:            1000 kB
Cached:            89072 kB
SwapCached:         1396 kB
Active:          3056292 kB
Inactive:         603032 kB
Active(anon):    3043636 kB
Inactive(anon):   590400 kB
Active(file):      12656 kB
Inactive(file):    12632 kB
Unevictable:          32 kB
Mlocked:              32 kB
SwapTotal:       2136060 kB
SwapFree:              0 kB
Dirty:                88 kB
Writeback:             0 kB
AnonPages:       3568056 kB
Mapped:            37132 kB
Shmem:             64688 kB
Slab:              82100 kB
SReclaimable:      43668 kB
SUnreclaim:        38432 kB
KernelStack:       10336 kB
PageTables:        42920 kB
NFS_Unstable:          0 kB
Bounce:                0 kB
WritebackTmp:          0 kB
CommitLimit:     4109420 kB
Committed_AS:    9562436 kB
VmallocTotal:   34359738367 kB
VmallocUsed:           0 kB
VmallocChunk:          0 kB
HardwareCorrupted:     0 kB
AnonHugePages:    544768 kB
ShmemHugePages:        0 kB
ShmemPmdMapped:        0 kB
CmaTotal:              0 kB
CmaFree:               0 kB
HugePages_Total:       0
HugePages_Free:        0
HugePages_Rsvd:        0
HugePages_Surp:        0
Hugepagesize:       2048 kB
DirectMap4k:      132256 kB
DirectMap2M:     3962880 kB
DirectMap1G:     1048576 kB


CPU:total 4 (2 cores per cpu, 2 threads per core) family 6 model 61 stepping 4, cmov, cx8, fxsr, mmx, sse, sse2, sse3, ssse3, sse4.1, sse4.2, popcnt, avx, avx2, aes, clmul, erms, 3dnowpref, lzcnt, ht, tsc, tscinvbit, bmi1, bmi2, adx

/proc/cpuinfo:
processor	: 0
vendor_id	: GenuineIntel
cpu family	: 6
model		: 61
model name	: Intel(R) Core(TM) i5-5200U CPU @ 2.20GHz
stepping	: 4
microcode	: 0x22
cpu MHz		: 2499.975
cache size	: 3072 KB
physical id	: 0
siblings	: 4
core id		: 0
cpu cores	: 2
apicid		: 0
initial apicid	: 0
fpu		: yes
fpu_exception	: yes
cpuid level	: 20
wp		: yes
flags		: fpu vme de pse tsc msr pae mce cx8 apic sep mtrr pge mca cmov pat pse36 clflush dts acpi mmx fxsr sse sse2 ss ht tm pbe syscall nx pdpe1gb rdtscp lm constant_tsc arch_perfmon pebs bts rep_good nopl xtopology nonstop_tsc aperfmperf eagerfpu pni pclmulqdq dtes64 monitor ds_cpl vmx est tm2 ssse3 sdbg fma cx16 xtpr pdcm pcid sse4_1 sse4_2 x2apic movbe popcnt tsc_deadline_timer aes xsave avx f16c rdrand lahf_lm abm 3dnowprefetch epb intel_pt tpr_shadow vnmi flexpriority ept vpid fsgsbase tsc_adjust bmi1 avx2 smep bmi2 erms invpcid rdseed adx smap xsaveopt dtherm ida arat pln pts
bugs		:
bogomips	: 4389.56
clflush size	: 64
cache_alignment	: 64
address sizes	: 39 bits physical, 48 bits virtual
power management:

processor	: 1
vendor_id	: GenuineIntel
cpu family	: 6
model		: 61
model name	: Intel(R) Core(TM) i5-5200U CPU @ 2.20GHz
stepping	: 4
microcode	: 0x22
cpu MHz		: 2500.109
cache size	: 3072 KB
physical id	: 0
siblings	: 4
core id		: 1
cpu cores	: 2
apicid		: 2
initial apicid	: 2
fpu		: yes
fpu_exception	: yes
cpuid level	: 20
wp		: yes
flags		: fpu vme de pse tsc msr pae mce cx8 apic sep mtrr pge mca cmov pat pse36 clflush dts acpi mmx fxsr sse sse2 ss ht tm pbe syscall nx pdpe1gb rdtscp lm constant_tsc arch_perfmon pebs bts rep_good nopl xtopology nonstop_tsc aperfmperf eagerfpu pni pclmulqdq dtes64 monitor ds_cpl vmx est tm2 ssse3 sdbg fma cx16 xtpr pdcm pcid sse4_1 sse4_2 x2apic movbe popcnt tsc_deadline_timer aes xsave avx f16c rdrand lahf_lm abm 3dnowprefetch epb intel_pt tpr_shadow vnmi flexpriority ept vpid fsgsbase tsc_adjust bmi1 avx2 smep bmi2 erms invpcid rdseed adx smap xsaveopt dtherm ida arat pln pts
bugs		:
bogomips	: 4389.56
clflush size	: 64
cache_alignment	: 64
address sizes	: 39 bits physical, 48 bits virtual
power management:

processor	: 2
vendor_id	: GenuineIntel
cpu family	: 6
model		: 61
model name	: Intel(R) Core(TM) i5-5200U CPU @ 2.20GHz
stepping	: 4
microcode	: 0x22
cpu MHz		: 2499.975
cache size	: 3072 KB
physical id	: 0
siblings	: 4
core id		: 0
cpu cores	: 2
apicid		: 1
initial apicid	: 1
fpu		: yes
fpu_exception	: yes
cpuid level	: 20
wp		: yes
flags		: fpu vme de pse tsc msr pae mce cx8 apic sep mtrr pge mca cmov pat pse36 clflush dts acpi mmx fxsr sse sse2 ss ht tm pbe syscall nx pdpe1gb rdtscp lm constant_tsc arch_perfmon pebs bts rep_good nopl xtopology nonstop_tsc aperfmperf eagerfpu pni pclmulqdq dtes64 monitor ds_cpl vmx est tm2 ssse3 sdbg fma cx16 xtpr pdcm pcid sse4_1 sse4_2 x2apic movbe popcnt tsc_deadline_timer aes xsave avx f16c rdrand lahf_lm abm 3dnowprefetch epb intel_pt tpr_shadow vnmi flexpriority ept vpid fsgsbase tsc_adjust bmi1 avx2 smep bmi2 erms invpcid rdseed adx smap xsaveopt dtherm ida arat pln pts
bugs		:
bogomips	: 4389.56
clflush size	: 64
cache_alignment	: 64
address sizes	: 39 bits physical, 48 bits virtual
power management:

processor	: 3
vendor_id	: GenuineIntel
cpu family	: 6
model		: 61
model name	: Intel(R) Core(TM) i5-5200U CPU @ 2.20GHz
stepping	: 4
microcode	: 0x22
cpu MHz		: 2512.194
cache size	: 3072 KB
physical id	: 0
siblings	: 4
core id		: 1
cpu cores	: 2
apicid		: 3
initial apicid	: 3
fpu		: yes
fpu_exception	: yes
cpuid level	: 20
wp		: yes
flags		: fpu vme de pse tsc msr pae mce cx8 apic sep mtrr pge mca cmov pat pse36 clflush dts acpi mmx fxsr sse sse2 ss ht tm pbe syscall nx pdpe1gb rdtscp lm constant_tsc arch_perfmon pebs bts rep_good nopl xtopology nonstop_tsc aperfmperf eagerfpu pni pclmulqdq dtes64 monitor ds_cpl vmx est tm2 ssse3 sdbg fma cx16 xtpr pdcm pcid sse4_1 sse4_2 x2apic movbe popcnt tsc_deadline_timer aes xsave avx f16c rdrand lahf_lm abm 3dnowprefetch epb intel_pt tpr_shadow vnmi flexpriority ept vpid fsgsbase tsc_adjust bmi1 avx2 smep bmi2 erms invpcid rdseed adx smap xsaveopt dtherm ida arat pln pts
bugs		:
bogomips	: 4389.56
clflush size	: 64
cache_alignment	: 64
address sizes	: 39 bits physical, 48 bits virtual
power management:



Memory: 4k page, physical 3946720k(113808k free), swap 2136060k(0k free)

vm_info: OpenJDK 64-Bit Server VM (25.112-b06) for linux-amd64 JRE (1.8.0_112-release-b06), built on Dec  6 2016 12:11:18 by "builder" with gcc 4.8.4

time: Fri Mar 31 21:40:14 2017
elapsed time: 39 seconds (0d 0h 0m 39s)

